<?xml version="1.0" encoding="UTF-8"?>
<coverage generated="1772331190490" clover="3.2.0">
  <project timestamp="1772331190490" name="All files">
    <metrics statements="68" coveredstatements="68" conditionals="54" coveredconditionals="50" methods="17" coveredmethods="17" elements="139" coveredelements="135" complexity="0" loc="68" ncloc="68" packages="3" files="5" classes="5"/>
    <package name="components">
      <metrics statements="20" coveredstatements="20" conditionals="32" coveredconditionals="31" methods="6" coveredmethods="6"/>
      <file name="StepItem.tsx" path="/home/srinivas/Documents/Projects/react-stepper/src/components/StepItem.tsx">
        <metrics statements="6" coveredstatements="6" conditionals="16" coveredconditionals="16" methods="1" coveredmethods="1"/>
        <line num="10" count="2" type="stmt"/>
        <line num="13" count="18" type="stmt"/>
        <line num="14" count="18" type="cond" truecount="2" falsecount="0"/>
        <line num="16" count="17" type="cond" truecount="2" falsecount="0"/>
        <line num="23" count="12" type="cond" truecount="2" falsecount="0"/>
        <line num="30" count="6" type="stmt"/>
      </file>
      <file name="StepperContent.tsx" path="/home/srinivas/Documents/Projects/react-stepper/src/components/StepperContent.tsx">
        <metrics statements="5" coveredstatements="5" conditionals="4" coveredconditionals="4" methods="1" coveredmethods="1"/>
        <line num="4" count="1" type="stmt"/>
        <line num="5" count="4" type="stmt"/>
        <line num="7" count="4" type="stmt"/>
        <line num="9" count="4" type="cond" truecount="4" falsecount="0"/>
        <line num="11" count="1" type="stmt"/>
      </file>
      <file name="StepperHeader.tsx" path="/home/srinivas/Documents/Projects/react-stepper/src/components/StepperHeader.tsx">
        <metrics statements="9" coveredstatements="9" conditionals="12" coveredconditionals="11" methods="4" coveredmethods="4"/>
        <line num="6" count="1" type="stmt"/>
        <line num="7" count="4" type="stmt"/>
        <line num="8" count="4" type="stmt"/>
        <line num="9" count="4" type="cond" truecount="2" falsecount="0"/>
        <line num="10" count="3" type="stmt"/>
        <line num="15" count="9" type="stmt"/>
        <line num="16" count="9" type="stmt"/>
        <line num="18" count="9" type="stmt"/>
        <line num="22" count="3" type="stmt"/>
      </file>
    </package>
    <package name="contexts">
      <metrics statements="42" coveredstatements="42" conditionals="20" coveredconditionals="17" methods="10" coveredmethods="10"/>
      <file name="index.tsx" path="/home/srinivas/Documents/Projects/react-stepper/src/contexts/index.tsx">
        <metrics statements="42" coveredstatements="42" conditionals="20" coveredconditionals="17" methods="10" coveredmethods="10"/>
        <line num="5" count="1" type="stmt"/>
        <line num="7" count="23" type="stmt"/>
        <line num="8" count="23" type="stmt"/>
        <line num="10" count="23" type="stmt"/>
        <line num="11" count="7" type="cond" truecount="2" falsecount="0"/>
        <line num="12" count="6" type="stmt"/>
        <line num="13" count="6" type="stmt"/>
        <line num="14" count="6" type="stmt"/>
        <line num="18" count="23" type="stmt"/>
        <line num="19" count="7" type="cond" truecount="4" falsecount="0"/>
        <line num="21" count="6" type="stmt"/>
        <line num="22" count="6" type="stmt"/>
        <line num="25" count="6" type="cond" truecount="1" falsecount="1"/>
        <line num="26" count="6" type="stmt"/>
        <line num="29" count="6" type="cond" truecount="1" falsecount="1"/>
        <line num="30" count="6" type="stmt"/>
        <line num="33" count="6" type="stmt"/>
        <line num="34" count="8" type="stmt"/>
        <line num="38" count="6" type="stmt"/>
        <line num="39" count="10" type="stmt"/>
        <line num="42" count="6" type="stmt"/>
        <line num="44" count="6" type="stmt"/>
        <line num="47" count="23" type="stmt"/>
        <line num="48" count="4" type="cond" truecount="2" falsecount="0"/>
        <line num="50" count="3" type="cond" truecount="2" falsecount="0"/>
        <line num="51" count="1" type="stmt"/>
        <line num="52" count="1" type="stmt"/>
        <line num="53" count="1" type="cond" truecount="1" falsecount="1"/>
        <line num="54" count="1" type="stmt"/>
        <line num="55" count="1" type="stmt"/>
        <line num="61" count="23" type="stmt"/>
        <line num="62" count="4" type="cond" truecount="2" falsecount="0"/>
        <line num="66" count="23" type="stmt"/>
        <line num="68" count="3" type="stmt"/>
        <line num="69" count="3" type="stmt"/>
        <line num="70" count="3" type="cond" truecount="2" falsecount="0"/>
        <line num="72" count="2" type="stmt"/>
        <line num="79" count="2" type="stmt"/>
        <line num="81" count="3" type="stmt"/>
        <line num="91" count="23" type="stmt"/>
        <line num="92" count="23" type="stmt"/>
        <line num="105" count="23" type="stmt"/>
      </file>
    </package>
    <package name="hooks">
      <metrics statements="6" coveredstatements="6" conditionals="2" coveredconditionals="2" methods="1" coveredmethods="1"/>
      <file name="index.ts" path="/home/srinivas/Documents/Projects/react-stepper/src/hooks/index.ts">
        <metrics statements="6" coveredstatements="6" conditionals="2" coveredconditionals="2" methods="1" coveredmethods="1"/>
        <line num="5" count="2" type="stmt"/>
        <line num="10" count="2" type="stmt"/>
        <line num="11" count="27" type="stmt"/>
        <line num="12" count="27" type="cond" truecount="2" falsecount="0"/>
        <line num="13" count="2" type="stmt"/>
        <line num="16" count="24" type="stmt"/>
      </file>
    </package>
  </project>
</coverage>
