{"/home/srinivas/Documents/Projects/react-stepper/example/main.tsx": {"path":"/home/srinivas/Documents/Projects/react-stepper/example/main.tsx","all":true,"statementMap":{"0":{"start":{"line":1,"column":0},"end":{"line":1,"column":71}},"1":{"start":{"line":2,"column":0},"end":{"line":2,"column":45}},"2":{"start":{"line":3,"column":0},"end":{"line":3,"column":50}},"3":{"start":{"line":4,"column":0},"end":{"line":4,"column":54}},"4":{"start":{"line":5,"column":0},"end":{"line":5,"column":46}},"5":{"start":{"line":6,"column":0},"end":{"line":6,"column":25}},"7":{"start":{"line":8,"column":0},"end":{"line":8,"column":37}},"9":{"start":{"line":10,"column":0},"end":{"line":10,"column":61}},"11":{"start":{"line":12,"column":0},"end":{"line":12,"column":37}},"12":{"start":{"line":13,"column":0},"end":{"line":13,"column":30}},"13":{"start":{"line":14,"column":0},"end":{"line":14,"column":20}},"14":{"start":{"line":15,"column":0},"end":{"line":15,"column":3}},"15":{"start":{"line":16,"column":0},"end":{"line":16,"column":59}},"16":{"start":{"line":17,"column":0},"end":{"line":17,"column":1}},"18":{"start":{"line":19,"column":0},"end":{"line":19,"column":38}},"19":{"start":{"line":20,"column":0},"end":{"line":20,"column":40}},"20":{"start":{"line":21,"column":0},"end":{"line":21,"column":47}},"21":{"start":{"line":22,"column":0},"end":{"line":22,"column":39}},"22":{"start":{"line":23,"column":0},"end":{"line":23,"column":4}},"23":{"start":{"line":24,"column":0},"end":{"line":24,"column":17}},"24":{"start":{"line":25,"column":0},"end":{"line":25,"column":19}},"25":{"start":{"line":26,"column":0},"end":{"line":26,"column":12}},"26":{"start":{"line":27,"column":0},"end":{"line":27,"column":14}},"27":{"start":{"line":28,"column":0},"end":{"line":28,"column":20}},"28":{"start":{"line":29,"column":0},"end":{"line":29,"column":86}},"30":{"start":{"line":31,"column":0},"end":{"line":31,"column":1}},"32":{"start":{"line":33,"column":0},"end":{"line":33,"column":52}},"33":{"start":{"line":34,"column":0},"end":{"line":34,"column":14}},"34":{"start":{"line":35,"column":0},"end":{"line":35,"column":37}},"35":{"start":{"line":36,"column":0},"end":{"line":36,"column":7}},"36":{"start":{"line":37,"column":0},"end":{"line":37,"column":14}},"37":{"start":{"line":38,"column":0},"end":{"line":38,"column":26}},"38":{"start":{"line":39,"column":0},"end":{"line":39,"column":44}},"39":{"start":{"line":40,"column":0},"end":{"line":40,"column":53}},"40":{"start":{"line":41,"column":0},"end":{"line":41,"column":39}},"41":{"start":{"line":42,"column":0},"end":{"line":42,"column":11}},"42":{"start":{"line":43,"column":0},"end":{"line":43,"column":35}},"44":{"start":{"line":45,"column":0},"end":{"line":45,"column":8}},"45":{"start":{"line":46,"column":0},"end":{"line":46,"column":7}},"46":{"start":{"line":47,"column":0},"end":{"line":47,"column":14}},"47":{"start":{"line":48,"column":0},"end":{"line":48,"column":26}},"48":{"start":{"line":49,"column":0},"end":{"line":49,"column":44}},"49":{"start":{"line":50,"column":0},"end":{"line":50,"column":53}},"50":{"start":{"line":51,"column":0},"end":{"line":51,"column":39}},"51":{"start":{"line":52,"column":0},"end":{"line":52,"column":11}},"52":{"start":{"line":53,"column":0},"end":{"line":53,"column":35}},"54":{"start":{"line":55,"column":0},"end":{"line":55,"column":8}},"55":{"start":{"line":56,"column":0},"end":{"line":56,"column":7}},"56":{"start":{"line":57,"column":0},"end":{"line":57,"column":14}},"57":{"start":{"line":58,"column":0},"end":{"line":58,"column":28}},"58":{"start":{"line":59,"column":0},"end":{"line":59,"column":46}},"59":{"start":{"line":60,"column":0},"end":{"line":60,"column":53}},"60":{"start":{"line":61,"column":0},"end":{"line":61,"column":39}},"61":{"start":{"line":62,"column":0},"end":{"line":62,"column":11}},"62":{"start":{"line":63,"column":0},"end":{"line":63,"column":37}},"64":{"start":{"line":65,"column":0},"end":{"line":65,"column":7}},"65":{"start":{"line":66,"column":0},"end":{"line":66,"column":6}},"67":{"start":{"line":68,"column":0},"end":{"line":68,"column":27}}},"s":{"0":0,"1":0,"2":0,"3":0,"4":0,"5":0,"7":0,"9":0,"11":0,"12":0,"13":0,"14":0,"15":0,"16":0,"18":0,"19":0,"20":0,"21":0,"22":0,"23":0,"24":0,"25":0,"26":0,"27":0,"28":0,"30":0,"32":0,"33":0,"34":0,"35":0,"36":0,"37":0,"38":0,"39":0,"40":0,"41":0,"42":0,"44":0,"45":0,"46":0,"47":0,"48":0,"49":0,"50":0,"51":0,"52":0,"54":0,"55":0,"56":0,"57":0,"58":0,"59":0,"60":0,"61":0,"62":0,"64":0,"65":0,"67":0},"branchMap":{"0":{"type":"branch","line":1,"loc":{"start":{"line":1,"column":1932},"end":{"line":72,"column":1}},"locations":[{"start":{"line":1,"column":1932},"end":{"line":72,"column":1}}]}},"b":{"0":[0]},"fnMap":{"0":{"name":"(empty-report)","decl":{"start":{"line":1,"column":1932},"end":{"line":72,"column":1}},"loc":{"start":{"line":1,"column":1932},"end":{"line":72,"column":1}},"line":1}},"f":{"0":0}}
,"/home/srinivas/Documents/Projects/react-stepper/src/MultiStepper.tsx": {"path":"/home/srinivas/Documents/Projects/react-stepper/src/MultiStepper.tsx","all":true,"statementMap":{"0":{"start":{"line":1,"column":0},"end":{"line":1,"column":40}},"1":{"start":{"line":2,"column":0},"end":{"line":2,"column":61}},"2":{"start":{"line":3,"column":0},"end":{"line":3,"column":59}},"3":{"start":{"line":4,"column":0},"end":{"line":4,"column":59}},"9":{"start":{"line":10,"column":0},"end":{"line":10,"column":54}},"10":{"start":{"line":11,"column":0},"end":{"line":11,"column":14}},"11":{"start":{"line":12,"column":0},"end":{"line":12,"column":7}},"12":{"start":{"line":13,"column":0},"end":{"line":13,"column":10}},"13":{"start":{"line":14,"column":0},"end":{"line":14,"column":14}},"14":{"start":{"line":15,"column":0},"end":{"line":15,"column":23}},"15":{"start":{"line":16,"column":0},"end":{"line":16,"column":24}},"16":{"start":{"line":17,"column":0},"end":{"line":17,"column":49}},"19":{"start":{"line":20,"column":0},"end":{"line":20,"column":2}}},"s":{"0":0,"1":0,"2":0,"3":0,"9":0,"10":0,"11":0,"12":0,"13":0,"14":0,"15":0,"16":0,"19":0},"branchMap":{"0":{"type":"branch","line":1,"loc":{"start":{"line":1,"column":501},"end":{"line":20,"column":2}},"locations":[{"start":{"line":1,"column":501},"end":{"line":20,"column":2}}]}},"b":{"0":[0]},"fnMap":{"0":{"name":"(empty-report)","decl":{"start":{"line":1,"column":501},"end":{"line":20,"column":2}},"loc":{"start":{"line":1,"column":501},"end":{"line":20,"column":2}},"line":1}},"f":{"0":0}}
,"/home/srinivas/Documents/Projects/react-stepper/src/index.ts": {"path":"/home/srinivas/Documents/Projects/react-stepper/src/index.ts","all":true,"statementMap":{"0":{"start":{"line":1,"column":0},"end":{"line":1,"column":21}},"1":{"start":{"line":2,"column":0},"end":{"line":2,"column":56}},"2":{"start":{"line":3,"column":0},"end":{"line":3,"column":46}},"9":{"start":{"line":10,"column":0},"end":{"line":10,"column":48}}},"s":{"0":0,"1":0,"2":0,"9":0},"branchMap":{"0":{"type":"branch","line":1,"loc":{"start":{"line":1,"column":289},"end":{"line":10,"column":48}},"locations":[{"start":{"line":1,"column":289},"end":{"line":10,"column":48}}]}},"b":{"0":[0]},"fnMap":{"0":{"name":"(empty-report)","decl":{"start":{"line":1,"column":289},"end":{"line":10,"column":48}},"loc":{"start":{"line":1,"column":289},"end":{"line":10,"column":48}},"line":1}},"f":{"0":0}}
,"/home/srinivas/Documents/Projects/react-stepper/src/components/StepItem.tsx": {"path":"/home/srinivas/Documents/Projects/react-stepper/src/components/StepItem.tsx","all":false,"statementMap":{"0":{"start":{"line":1,"column":0},"end":{"line":1,"column":40}},"1":{"start":{"line":2,"column":0},"end":{"line":2,"column":43}},"9":{"start":{"line":10,"column":0},"end":{"line":10,"column":46}},"10":{"start":{"line":11,"column":0},"end":{"line":11,"column":13}},"11":{"start":{"line":12,"column":0},"end":{"line":12,"column":7}},"12":{"start":{"line":13,"column":0},"end":{"line":13,"column":46}},"13":{"start":{"line":14,"column":0},"end":{"line":14,"column":40}},"15":{"start":{"line":16,"column":0},"end":{"line":16,"column":65}},"17":{"start":{"line":18,"column":0},"end":{"line":18,"column":55}},"18":{"start":{"line":19,"column":0},"end":{"line":19,"column":52}},"22":{"start":{"line":23,"column":0},"end":{"line":23,"column":60}},"24":{"start":{"line":25,"column":0},"end":{"line":25,"column":52}},"25":{"start":{"line":26,"column":0},"end":{"line":26,"column":47}},"29":{"start":{"line":30,"column":0},"end":{"line":30,"column":10}},"30":{"start":{"line":31,"column":0},"end":{"line":31,"column":41}},"31":{"start":{"line":32,"column":0},"end":{"line":32,"column":37}},"34":{"start":{"line":35,"column":0},"end":{"line":35,"column":2}}},"s":{"0":1,"1":1,"9":1,"10":15,"11":15,"12":15,"13":15,"15":15,"17":15,"18":15,"22":15,"24":15,"25":15,"29":15,"30":15,"31":15,"34":15},"branchMap":{"0":{"type":"branch","line":10,"loc":{"start":{"line":10,"column":44},"end":{"line":35,"column":2}},"locations":[{"start":{"line":10,"column":44},"end":{"line":35,"column":2}}]},"1":{"type":"branch","line":14,"loc":{"start":{"line":14,"column":21},"end":{"line":16,"column":22}},"locations":[{"start":{"line":14,"column":21},"end":{"line":16,"column":22}}]},"2":{"type":"branch","line":18,"loc":{"start":{"line":18,"column":15},"end":{"line":18,"column":27}},"locations":[{"start":{"line":18,"column":15},"end":{"line":18,"column":27}}]},"3":{"type":"branch","line":18,"loc":{"start":{"line":18,"column":30},"end":{"line":18,"column":55}},"locations":[{"start":{"line":18,"column":30},"end":{"line":18,"column":55}}]},"4":{"type":"branch","line":25,"loc":{"start":{"line":25,"column":15},"end":{"line":25,"column":27}},"locations":[{"start":{"line":25,"column":15},"end":{"line":25,"column":27}}]},"5":{"type":"branch","line":25,"loc":{"start":{"line":25,"column":30},"end":{"line":25,"column":52}},"locations":[{"start":{"line":25,"column":30},"end":{"line":25,"column":52}}]}},"b":{"0":[15],"1":[12],"2":[0],"3":[0],"4":[0],"5":[0]},"fnMap":{"0":{"name":"Step","decl":{"start":{"line":10,"column":44},"end":{"line":35,"column":2}},"loc":{"start":{"line":10,"column":44},"end":{"line":35,"column":2}},"line":10}},"f":{"0":15}}
,"/home/srinivas/Documents/Projects/react-stepper/src/components/StepperContent.tsx": {"path":"/home/srinivas/Documents/Projects/react-stepper/src/components/StepperContent.tsx","all":false,"statementMap":{"0":{"start":{"line":1,"column":0},"end":{"line":1,"column":26}},"1":{"start":{"line":2,"column":0},"end":{"line":2,"column":43}},"3":{"start":{"line":4,"column":0},"end":{"line":4,"column":47}},"4":{"start":{"line":5,"column":0},"end":{"line":5,"column":51}},"6":{"start":{"line":7,"column":0},"end":{"line":7,"column":39}},"8":{"start":{"line":9,"column":0},"end":{"line":9,"column":49}},"10":{"start":{"line":11,"column":0},"end":{"line":11,"column":67}},"11":{"start":{"line":12,"column":0},"end":{"line":12,"column":2}}},"s":{"0":1,"1":1,"3":1,"4":6,"6":6,"8":6,"10":2,"11":2},"branchMap":{"0":{"type":"branch","line":4,"loc":{"start":{"line":4,"column":40},"end":{"line":12,"column":2}},"locations":[{"start":{"line":4,"column":40},"end":{"line":12,"column":2}}]},"1":{"type":"branch","line":9,"loc":{"start":{"line":9,"column":7},"end":{"line":9,"column":35}},"locations":[{"start":{"line":9,"column":7},"end":{"line":9,"column":35}}]},"2":{"type":"branch","line":9,"loc":{"start":{"line":9,"column":37},"end":{"line":9,"column":49}},"locations":[{"start":{"line":9,"column":37},"end":{"line":9,"column":49}}]},"3":{"type":"branch","line":9,"loc":{"start":{"line":9,"column":44},"end":{"line":12,"column":2}},"locations":[{"start":{"line":9,"column":44},"end":{"line":12,"column":2}}]}},"b":{"0":[6],"1":[3],"2":[4],"3":[2]},"fnMap":{"0":{"name":"StepperContent","decl":{"start":{"line":4,"column":40},"end":{"line":12,"column":2}},"loc":{"start":{"line":4,"column":40},"end":{"line":12,"column":2}},"line":4}},"f":{"0":6}}
,"/home/srinivas/Documents/Projects/react-stepper/src/components/StepperFooter.tsx": {"path":"/home/srinivas/Documents/Projects/react-stepper/src/components/StepperFooter.tsx","all":false,"statementMap":{"0":{"start":{"line":1,"column":0},"end":{"line":1,"column":43}},"1":{"start":{"line":2,"column":0},"end":{"line":2,"column":43}},"7":{"start":{"line":8,"column":0},"end":{"line":8,"column":92}},"8":{"start":{"line":9,"column":0},"end":{"line":9,"column":67}},"9":{"start":{"line":10,"column":0},"end":{"line":10,"column":54}},"10":{"start":{"line":11,"column":0},"end":{"line":11,"column":43}},"12":{"start":{"line":13,"column":0},"end":{"line":13,"column":40}},"13":{"start":{"line":14,"column":0},"end":{"line":14,"column":40}},"14":{"start":{"line":15,"column":0},"end":{"line":15,"column":19}},"15":{"start":{"line":16,"column":0},"end":{"line":16,"column":5}},"16":{"start":{"line":17,"column":0},"end":{"line":17,"column":39}},"18":{"start":{"line":19,"column":0},"end":{"line":19,"column":40}},"19":{"start":{"line":20,"column":0},"end":{"line":20,"column":41}},"20":{"start":{"line":21,"column":0},"end":{"line":21,"column":38}},"22":{"start":{"line":23,"column":0},"end":{"line":23,"column":41}},"23":{"start":{"line":24,"column":0},"end":{"line":24,"column":11}},"24":{"start":{"line":25,"column":0},"end":{"line":25,"column":19}},"25":{"start":{"line":26,"column":0},"end":{"line":26,"column":33}},"26":{"start":{"line":27,"column":0},"end":{"line":27,"column":59}},"27":{"start":{"line":28,"column":0},"end":{"line":28,"column":26}},"28":{"start":{"line":29,"column":0},"end":{"line":29,"column":32}},"29":{"start":{"line":30,"column":0},"end":{"line":30,"column":5}},"33":{"start":{"line":34,"column":0},"end":{"line":34,"column":11}},"34":{"start":{"line":35,"column":0},"end":{"line":35,"column":19}},"35":{"start":{"line":36,"column":0},"end":{"line":36,"column":29}},"36":{"start":{"line":37,"column":0},"end":{"line":37,"column":46}},"37":{"start":{"line":38,"column":0},"end":{"line":38,"column":25}},"38":{"start":{"line":39,"column":0},"end":{"line":39,"column":26}},"40":{"start":{"line":41,"column":0},"end":{"line":41,"column":38}},"43":{"start":{"line":44,"column":0},"end":{"line":44,"column":2}}},"s":{"0":1,"1":1,"7":1,"8":8,"9":8,"10":8,"12":8,"13":3,"14":2,"15":2,"16":8,"18":8,"19":0,"20":8,"22":8,"23":8,"24":8,"25":8,"26":8,"27":8,"28":8,"29":8,"33":8,"34":8,"35":8,"36":1,"37":7,"38":8,"40":8,"43":8},"branchMap":{"0":{"type":"branch","line":8,"loc":{"start":{"line":8,"column":70},"end":{"line":44,"column":2}},"locations":[{"start":{"line":8,"column":70},"end":{"line":44,"column":2}}]},"1":{"type":"branch","line":27,"loc":{"start":{"line":27,"column":27},"end":{"line":27,"column":58}},"locations":[{"start":{"line":27,"column":27},"end":{"line":27,"column":58}}]},"2":{"type":"branch","line":36,"loc":{"start":{"line":36,"column":17},"end":{"line":37,"column":46}},"locations":[{"start":{"line":36,"column":17},"end":{"line":37,"column":46}}]},"3":{"type":"branch","line":37,"loc":{"start":{"line":37,"column":8},"end":{"line":38,"column":25}},"locations":[{"start":{"line":37,"column":8},"end":{"line":38,"column":25}}]},"4":{"type":"branch","line":41,"loc":{"start":{"line":41,"column":7},"end":{"line":41,"column":31}},"locations":[{"start":{"line":41,"column":7},"end":{"line":41,"column":31}}]},"5":{"type":"branch","line":41,"loc":{"start":{"line":41,"column":20},"end":{"line":41,"column":38}},"locations":[{"start":{"line":41,"column":20},"end":{"line":41,"column":38}}]},"6":{"type":"branch","line":13,"loc":{"start":{"line":13,"column":33},"end":{"line":17,"column":5}},"locations":[{"start":{"line":13,"column":33},"end":{"line":17,"column":5}}]},"7":{"type":"branch","line":14,"loc":{"start":{"line":14,"column":39},"end":{"line":16,"column":5}},"locations":[{"start":{"line":14,"column":39},"end":{"line":16,"column":5}}]}},"b":{"0":[8],"1":[0],"2":[1],"3":[7],"4":[1],"5":[7],"6":[3],"7":[2]},"fnMap":{},"f":{}}
,"/home/srinivas/Documents/Projects/react-stepper/src/components/StepperHeader.tsx": {"path":"/home/srinivas/Documents/Projects/react-stepper/src/components/StepperHeader.tsx","all":false,"statementMap":{"0":{"start":{"line":1,"column":0},"end":{"line":1,"column":40}},"1":{"start":{"line":2,"column":0},"end":{"line":2,"column":43}},"2":{"start":{"line":3,"column":0},"end":{"line":3,"column":34}},"5":{"start":{"line":6,"column":0},"end":{"line":6,"column":46}},"6":{"start":{"line":7,"column":0},"end":{"line":7,"column":50}},"7":{"start":{"line":8,"column":0},"end":{"line":8,"column":60}},"8":{"start":{"line":9,"column":0},"end":{"line":9,"column":40}},"9":{"start":{"line":10,"column":0},"end":{"line":10,"column":10}},"10":{"start":{"line":11,"column":0},"end":{"line":11,"column":35}},"11":{"start":{"line":12,"column":0},"end":{"line":12,"column":37}},"13":{"start":{"line":14,"column":0},"end":{"line":14,"column":34}},"14":{"start":{"line":15,"column":0},"end":{"line":15,"column":50}},"15":{"start":{"line":16,"column":0},"end":{"line":16,"column":55}},"17":{"start":{"line":18,"column":0},"end":{"line":18,"column":20}},"18":{"start":{"line":19,"column":0},"end":{"line":19,"column":18}},"19":{"start":{"line":20,"column":0},"end":{"line":20,"column":34}},"20":{"start":{"line":21,"column":0},"end":{"line":21,"column":25}},"21":{"start":{"line":22,"column":0},"end":{"line":22,"column":38}},"23":{"start":{"line":24,"column":0},"end":{"line":24,"column":99}},"25":{"start":{"line":26,"column":0},"end":{"line":26,"column":50}},"26":{"start":{"line":27,"column":0},"end":{"line":27,"column":43}},"27":{"start":{"line":28,"column":0},"end":{"line":28,"column":78}},"28":{"start":{"line":29,"column":0},"end":{"line":29,"column":96}},"32":{"start":{"line":33,"column":0},"end":{"line":33,"column":12}},"37":{"start":{"line":38,"column":0},"end":{"line":38,"column":2}}},"s":{"0":1,"1":1,"2":1,"5":1,"6":4,"7":4,"8":4,"9":4,"10":4,"11":4,"13":4,"14":9,"15":9,"17":9,"18":9,"19":9,"20":9,"21":9,"23":9,"25":9,"26":9,"27":9,"28":9,"32":9,"37":4},"branchMap":{"0":{"type":"branch","line":6,"loc":{"start":{"line":6,"column":39},"end":{"line":38,"column":2}},"locations":[{"start":{"line":6,"column":39},"end":{"line":38,"column":2}}]},"1":{"type":"branch","line":14,"loc":{"start":{"line":14,"column":20},"end":{"line":33,"column":12}},"locations":[{"start":{"line":14,"column":20},"end":{"line":33,"column":12}}]},"2":{"type":"branch","line":24,"loc":{"start":{"line":24,"column":40},"end":{"line":24,"column":62}},"locations":[{"start":{"line":24,"column":40},"end":{"line":24,"column":62}}]},"3":{"type":"branch","line":24,"loc":{"start":{"line":24,"column":51},"end":{"line":24,"column":65}},"locations":[{"start":{"line":24,"column":51},"end":{"line":24,"column":65}}]},"4":{"type":"branch","line":24,"loc":{"start":{"line":24,"column":68},"end":{"line":24,"column":94}},"locations":[{"start":{"line":24,"column":68},"end":{"line":24,"column":94}}]},"5":{"type":"branch","line":24,"loc":{"start":{"line":24,"column":81},"end":{"line":24,"column":98}},"locations":[{"start":{"line":24,"column":81},"end":{"line":24,"column":98}}]},"6":{"type":"branch","line":20,"loc":{"start":{"line":20,"column":28},"end":{"line":20,"column":34}},"locations":[{"start":{"line":20,"column":28},"end":{"line":20,"column":34}}]}},"b":{"0":[4],"1":[9],"2":[3],"3":[6],"4":[3],"5":[6],"6":[0]},"fnMap":{"0":{"name":"StepperHeader","decl":{"start":{"line":6,"column":39},"end":{"line":38,"column":2}},"loc":{"start":{"line":6,"column":39},"end":{"line":38,"column":2}},"line":6},"1":{"name":"onClickStep","decl":{"start":{"line":8,"column":22},"end":{"line":8,"column":60}},"loc":{"start":{"line":8,"column":22},"end":{"line":8,"column":60}},"line":8},"2":{"name":"onClick","decl":{"start":{"line":22,"column":18},"end":{"line":22,"column":38}},"loc":{"start":{"line":22,"column":18},"end":{"line":22,"column":38}},"line":22}},"f":{"0":4,"1":0,"2":0}}
,"/home/srinivas/Documents/Projects/react-stepper/src/contexts/index.tsx": {"path":"/home/srinivas/Documents/Projects/react-stepper/src/contexts/index.tsx","all":false,"statementMap":{"0":{"start":{"line":1,"column":0},"end":{"line":1,"column":66}},"2":{"start":{"line":3,"column":0},"end":{"line":3,"column":47}},"4":{"start":{"line":5,"column":0},"end":{"line":5,"column":110}},"6":{"start":{"line":7,"column":0},"end":{"line":7,"column":53}},"7":{"start":{"line":8,"column":0},"end":{"line":8,"column":54}},"9":{"start":{"line":10,"column":0},"end":{"line":10,"column":21}},"10":{"start":{"line":11,"column":0},"end":{"line":11,"column":30}},"11":{"start":{"line":12,"column":0},"end":{"line":12,"column":38}},"12":{"start":{"line":13,"column":0},"end":{"line":13,"column":33}},"13":{"start":{"line":14,"column":0},"end":{"line":14,"column":26}},"14":{"start":{"line":15,"column":0},"end":{"line":15,"column":9}},"15":{"start":{"line":16,"column":0},"end":{"line":16,"column":35}},"17":{"start":{"line":18,"column":0},"end":{"line":18,"column":58}},"18":{"start":{"line":19,"column":0},"end":{"line":19,"column":28}},"19":{"start":{"line":20,"column":0},"end":{"line":20,"column":37}},"21":{"start":{"line":22,"column":0},"end":{"line":22,"column":75}},"22":{"start":{"line":23,"column":0},"end":{"line":23,"column":54}},"24":{"start":{"line":25,"column":0},"end":{"line":25,"column":38}},"25":{"start":{"line":26,"column":0},"end":{"line":26,"column":37}},"26":{"start":{"line":27,"column":0},"end":{"line":27,"column":81}},"28":{"start":{"line":29,"column":0},"end":{"line":29,"column":32}},"29":{"start":{"line":30,"column":0},"end":{"line":30,"column":33}},"30":{"start":{"line":31,"column":0},"end":{"line":31,"column":72}},"32":{"start":{"line":33,"column":0},"end":{"line":33,"column":43}},"33":{"start":{"line":34,"column":0},"end":{"line":34,"column":47}},"34":{"start":{"line":35,"column":0},"end":{"line":35,"column":63}},"35":{"start":{"line":36,"column":0},"end":{"line":36,"column":13}},"37":{"start":{"line":38,"column":0},"end":{"line":38,"column":47}},"38":{"start":{"line":39,"column":0},"end":{"line":39,"column":60}},"39":{"start":{"line":40,"column":0},"end":{"line":40,"column":64}},"40":{"start":{"line":41,"column":0},"end":{"line":41,"column":13}},"42":{"start":{"line":43,"column":0},"end":{"line":43,"column":26}},"43":{"start":{"line":44,"column":0},"end":{"line":44,"column":10}},"44":{"start":{"line":45,"column":0},"end":{"line":45,"column":31}},"45":{"start":{"line":46,"column":0},"end":{"line":46,"column":21}},"47":{"start":{"line":48,"column":0},"end":{"line":48,"column":46}},"48":{"start":{"line":49,"column":0},"end":{"line":49,"column":72}},"49":{"start":{"line":50,"column":0},"end":{"line":50,"column":33}},"50":{"start":{"line":51,"column":0},"end":{"line":51,"column":37}},"51":{"start":{"line":52,"column":0},"end":{"line":52,"column":79}},"52":{"start":{"line":53,"column":0},"end":{"line":53,"column":26}},"53":{"start":{"line":54,"column":0},"end":{"line":54,"column":10}},"54":{"start":{"line":55,"column":0},"end":{"line":55,"column":48}},"58":{"start":{"line":59,"column":0},"end":{"line":59,"column":46}},"59":{"start":{"line":60,"column":0},"end":{"line":60,"column":57}},"60":{"start":{"line":61,"column":0},"end":{"line":61,"column":34}},"63":{"start":{"line":64,"column":0},"end":{"line":64,"column":38}},"64":{"start":{"line":65,"column":0},"end":{"line":65,"column":45}},"65":{"start":{"line":66,"column":0},"end":{"line":66,"column":32}},"66":{"start":{"line":67,"column":0},"end":{"line":67,"column":42}},"67":{"start":{"line":68,"column":0},"end":{"line":68,"column":43}},"68":{"start":{"line":69,"column":0},"end":{"line":69,"column":53}},"69":{"start":{"line":70,"column":0},"end":{"line":70,"column":44}},"70":{"start":{"line":71,"column":0},"end":{"line":71,"column":48}},"71":{"start":{"line":72,"column":0},"end":{"line":72,"column":38}},"72":{"start":{"line":73,"column":0},"end":{"line":73,"column":41}},"73":{"start":{"line":74,"column":0},"end":{"line":74,"column":22}},"75":{"start":{"line":76,"column":0},"end":{"line":76,"column":56}},"76":{"start":{"line":77,"column":0},"end":{"line":77,"column":56}},"77":{"start":{"line":78,"column":0},"end":{"line":78,"column":17}},"78":{"start":{"line":79,"column":0},"end":{"line":79,"column":31}},"79":{"start":{"line":80,"column":0},"end":{"line":80,"column":15}},"80":{"start":{"line":81,"column":0},"end":{"line":81,"column":10}},"81":{"start":{"line":82,"column":0},"end":{"line":82,"column":21}},"87":{"start":{"line":88,"column":0},"end":{"line":88,"column":42}},"88":{"start":{"line":89,"column":0},"end":{"line":89,"column":33}},"89":{"start":{"line":90,"column":0},"end":{"line":90,"column":16}},"90":{"start":{"line":91,"column":0},"end":{"line":91,"column":24}},"91":{"start":{"line":92,"column":0},"end":{"line":92,"column":18}},"92":{"start":{"line":93,"column":0},"end":{"line":93,"column":27}},"93":{"start":{"line":94,"column":0},"end":{"line":94,"column":27}},"94":{"start":{"line":95,"column":0},"end":{"line":95,"column":24}},"95":{"start":{"line":96,"column":0},"end":{"line":96,"column":26}},"96":{"start":{"line":97,"column":0},"end":{"line":97,"column":22}},"97":{"start":{"line":98,"column":0},"end":{"line":98,"column":19}},"98":{"start":{"line":99,"column":0},"end":{"line":99,"column":11}},"99":{"start":{"line":100,"column":0},"end":{"line":100,"column":97}},"102":{"start":{"line":103,"column":0},"end":{"line":103,"column":62}},"103":{"start":{"line":104,"column":0},"end":{"line":104,"column":18}},"105":{"start":{"line":106,"column":0},"end":{"line":106,"column":1}}},"s":{"0":1,"2":1,"4":1,"6":24,"7":24,"9":24,"10":11,"11":11,"12":11,"13":11,"14":11,"15":24,"17":24,"18":2,"19":2,"21":2,"22":2,"24":2,"25":2,"26":2,"28":2,"29":2,"30":2,"32":2,"33":2,"34":3,"35":3,"37":2,"38":2,"39":3,"40":3,"42":2,"43":2,"44":2,"45":24,"47":24,"48":0,"49":0,"50":0,"51":0,"52":0,"53":0,"54":24,"58":24,"59":0,"60":24,"63":24,"64":24,"65":0,"66":0,"67":0,"68":0,"69":0,"70":0,"71":0,"72":0,"73":0,"75":0,"76":0,"77":0,"78":0,"79":0,"80":0,"81":24,"87":24,"88":24,"89":24,"90":24,"91":24,"92":24,"93":24,"94":24,"95":24,"96":24,"97":24,"98":24,"99":24,"102":24,"103":24,"105":24},"branchMap":{"0":{"type":"branch","line":5,"loc":{"start":{"line":5,"column":72},"end":{"line":106,"column":1}},"locations":[{"start":{"line":5,"column":72},"end":{"line":106,"column":1}}]},"1":{"type":"branch","line":10,"loc":{"start":{"line":10,"column":14},"end":{"line":16,"column":7}},"locations":[{"start":{"line":10,"column":14},"end":{"line":16,"column":7}}]},"2":{"type":"branch","line":18,"loc":{"start":{"line":18,"column":36},"end":{"line":46,"column":7}},"locations":[{"start":{"line":18,"column":36},"end":{"line":46,"column":7}}]},"3":{"type":"branch","line":19,"loc":{"start":{"line":19,"column":17},"end":{"line":44,"column":10}},"locations":[{"start":{"line":19,"column":17},"end":{"line":44,"column":10}}]},"4":{"type":"branch","line":23,"loc":{"start":{"line":23,"column":43},"end":{"line":23,"column":54}},"locations":[{"start":{"line":23,"column":43},"end":{"line":23,"column":54}}]},"5":{"type":"branch","line":34,"loc":{"start":{"line":34,"column":46},"end":{"line":36,"column":13}},"locations":[{"start":{"line":34,"column":46},"end":{"line":36,"column":13}}]},"6":{"type":"branch","line":39,"loc":{"start":{"line":39,"column":59},"end":{"line":41,"column":13}},"locations":[{"start":{"line":39,"column":59},"end":{"line":41,"column":13}}]},"7":{"type":"branch","line":90,"loc":{"start":{"line":90,"column":8},"end":{"line":99,"column":11}},"locations":[{"start":{"line":90,"column":8},"end":{"line":99,"column":11}}]}},"b":{"0":[24],"1":[11],"2":[2],"3":[2],"4":[0],"5":[3],"6":[3],"7":[24]},"fnMap":{"0":{"name":"MultiStepperProvider","decl":{"start":{"line":5,"column":72},"end":{"line":106,"column":1}},"loc":{"start":{"line":5,"column":72},"end":{"line":106,"column":1}},"line":5}},"f":{"0":24}}
,"/home/srinivas/Documents/Projects/react-stepper/src/hooks/index.ts": {"path":"/home/srinivas/Documents/Projects/react-stepper/src/hooks/index.ts","all":false,"statementMap":{"0":{"start":{"line":1,"column":0},"end":{"line":1,"column":50}},"3":{"start":{"line":4,"column":0},"end":{"line":4,"column":24}},"4":{"start":{"line":5,"column":0},"end":{"line":5,"column":79}},"5":{"start":{"line":6,"column":0},"end":{"line":6,"column":11}},"8":{"start":{"line":9,"column":0},"end":{"line":9,"column":24}},"9":{"start":{"line":10,"column":0},"end":{"line":10,"column":38}},"10":{"start":{"line":11,"column":0},"end":{"line":11,"column":50}},"11":{"start":{"line":12,"column":0},"end":{"line":12,"column":15}},"12":{"start":{"line":13,"column":0},"end":{"line":13,"column":20}},"13":{"start":{"line":14,"column":0},"end":{"line":14,"column":70}},"15":{"start":{"line":16,"column":0},"end":{"line":16,"column":17}},"16":{"start":{"line":17,"column":0},"end":{"line":17,"column":2}}},"s":{"0":1,"3":1,"4":1,"5":1,"8":1,"9":1,"10":37,"11":37,"12":37,"13":0,"15":37,"16":37},"branchMap":{"0":{"type":"branch","line":10,"loc":{"start":{"line":10,"column":31},"end":{"line":17,"column":2}},"locations":[{"start":{"line":10,"column":31},"end":{"line":17,"column":2}}]},"1":{"type":"branch","line":13,"loc":{"start":{"line":13,"column":4},"end":{"line":14,"column":70}},"locations":[{"start":{"line":13,"column":4},"end":{"line":14,"column":70}}]}},"b":{"0":[37],"1":[0]},"fnMap":{"0":{"name":"useMultiStepper","decl":{"start":{"line":10,"column":31},"end":{"line":17,"column":2}},"loc":{"start":{"line":10,"column":31},"end":{"line":17,"column":2}},"line":10}},"f":{"0":37}}
,"/home/srinivas/Documents/Projects/react-stepper/src/types/index.tsx": {"path":"/home/srinivas/Documents/Projects/react-stepper/src/types/index.tsx","all":true,"statementMap":{},"s":{},"branchMap":{"0":{"type":"branch","line":1,"loc":{"start":{"line":1,"column":1029},"end":{"line":44,"column":84}},"locations":[{"start":{"line":1,"column":1029},"end":{"line":44,"column":84}}]}},"b":{"0":[1]},"fnMap":{"0":{"name":"(empty-report)","decl":{"start":{"line":1,"column":1029},"end":{"line":44,"column":84}},"loc":{"start":{"line":1,"column":1029},"end":{"line":44,"column":84}},"line":1}},"f":{"0":1}}
}
