{"/home/srinivas/Documents/Projects/react-stepper/example/main.tsx": {"path":"/home/srinivas/Documents/Projects/react-stepper/example/main.tsx","all":true,"statementMap":{"0":{"start":{"line":1,"column":0},"end":{"line":1,"column":34}},"1":{"start":{"line":2,"column":0},"end":{"line":2,"column":45}},"2":{"start":{"line":3,"column":0},"end":{"line":3,"column":55}},"3":{"start":{"line":4,"column":0},"end":{"line":4,"column":50}},"4":{"start":{"line":5,"column":0},"end":{"line":5,"column":25}},"6":{"start":{"line":7,"column":0},"end":{"line":7,"column":52}},"7":{"start":{"line":8,"column":0},"end":{"line":8,"column":14}},"8":{"start":{"line":9,"column":0},"end":{"line":9,"column":91}},"9":{"start":{"line":10,"column":0},"end":{"line":10,"column":7}},"10":{"start":{"line":11,"column":0},"end":{"line":11,"column":14}},"11":{"start":{"line":12,"column":0},"end":{"line":12,"column":26}},"12":{"start":{"line":13,"column":0},"end":{"line":13,"column":44}},"13":{"start":{"line":14,"column":0},"end":{"line":14,"column":53}},"14":{"start":{"line":15,"column":0},"end":{"line":15,"column":29}},"15":{"start":{"line":16,"column":0},"end":{"line":16,"column":11}},"16":{"start":{"line":17,"column":0},"end":{"line":17,"column":35}},"18":{"start":{"line":19,"column":0},"end":{"line":19,"column":8}},"19":{"start":{"line":20,"column":0},"end":{"line":20,"column":7}},"20":{"start":{"line":21,"column":0},"end":{"line":21,"column":14}},"21":{"start":{"line":22,"column":0},"end":{"line":22,"column":26}},"22":{"start":{"line":23,"column":0},"end":{"line":23,"column":44}},"23":{"start":{"line":24,"column":0},"end":{"line":24,"column":53}},"24":{"start":{"line":25,"column":0},"end":{"line":25,"column":28}},"25":{"start":{"line":26,"column":0},"end":{"line":26,"column":11}},"26":{"start":{"line":27,"column":0},"end":{"line":27,"column":35}},"28":{"start":{"line":29,"column":0},"end":{"line":29,"column":8}},"29":{"start":{"line":30,"column":0},"end":{"line":30,"column":7}},"30":{"start":{"line":31,"column":0},"end":{"line":31,"column":14}},"31":{"start":{"line":32,"column":0},"end":{"line":32,"column":28}},"32":{"start":{"line":33,"column":0},"end":{"line":33,"column":46}},"33":{"start":{"line":34,"column":0},"end":{"line":34,"column":53}},"34":{"start":{"line":35,"column":0},"end":{"line":35,"column":31}},"35":{"start":{"line":36,"column":0},"end":{"line":36,"column":11}},"36":{"start":{"line":37,"column":0},"end":{"line":37,"column":37}},"38":{"start":{"line":39,"column":0},"end":{"line":39,"column":7}}},"s":{"0":0,"1":0,"2":0,"3":0,"4":0,"6":0,"7":0,"8":0,"9":0,"10":0,"11":0,"12":0,"13":0,"14":0,"15":0,"16":0,"18":0,"19":0,"20":0,"21":0,"22":0,"23":0,"24":0,"25":0,"26":0,"28":0,"29":0,"30":0,"31":0,"32":0,"33":0,"34":0,"35":0,"36":0,"38":0},"branchMap":{"0":{"type":"branch","line":1,"loc":{"start":{"line":1,"column":1162},"end":{"line":42,"column":1}},"locations":[{"start":{"line":1,"column":1162},"end":{"line":42,"column":1}}]}},"b":{"0":[0]},"fnMap":{"0":{"name":"(empty-report)","decl":{"start":{"line":1,"column":1162},"end":{"line":42,"column":1}},"loc":{"start":{"line":1,"column":1162},"end":{"line":42,"column":1}},"line":1}},"f":{"0":0}}
,"/home/srinivas/Documents/Projects/react-stepper/src/MultiStepper.tsx": {"path":"/home/srinivas/Documents/Projects/react-stepper/src/MultiStepper.tsx","all":false,"statementMap":{"0":{"start":{"line":1,"column":0},"end":{"line":1,"column":26}},"2":{"start":{"line":3,"column":0},"end":{"line":3,"column":50}},"3":{"start":{"line":4,"column":0},"end":{"line":4,"column":59}},"4":{"start":{"line":5,"column":0},"end":{"line":5,"column":59}},"5":{"start":{"line":6,"column":0},"end":{"line":6,"column":61}},"12":{"start":{"line":13,"column":0},"end":{"line":13,"column":54}},"13":{"start":{"line":14,"column":0},"end":{"line":14,"column":8}},"14":{"start":{"line":15,"column":0},"end":{"line":15,"column":13}},"15":{"start":{"line":16,"column":0},"end":{"line":16,"column":7}},"16":{"start":{"line":17,"column":0},"end":{"line":17,"column":26}},"17":{"start":{"line":18,"column":0},"end":{"line":18,"column":10}},"18":{"start":{"line":19,"column":0},"end":{"line":19,"column":43}},"19":{"start":{"line":20,"column":0},"end":{"line":20,"column":23}},"20":{"start":{"line":21,"column":0},"end":{"line":21,"column":24}},"21":{"start":{"line":22,"column":0},"end":{"line":22,"column":48}},"24":{"start":{"line":25,"column":0},"end":{"line":25,"column":2}}},"s":{"0":1,"2":1,"3":1,"4":1,"5":1,"12":1,"13":4,"14":4,"15":4,"16":4,"17":3,"18":3,"19":3,"20":3,"21":3,"24":3},"branchMap":{"0":{"type":"branch","line":13,"loc":{"start":{"line":13,"column":52},"end":{"line":25,"column":2}},"locations":[{"start":{"line":13,"column":52},"end":{"line":25,"column":2}}]},"1":{"type":"branch","line":17,"loc":{"start":{"line":17,"column":14},"end":{"line":17,"column":26}},"locations":[{"start":{"line":17,"column":14},"end":{"line":17,"column":26}}]},"2":{"type":"branch","line":17,"loc":{"start":{"line":17,"column":21},"end":{"line":25,"column":2}},"locations":[{"start":{"line":17,"column":21},"end":{"line":25,"column":2}}]}},"b":{"0":[4],"1":[1],"2":[3]},"fnMap":{"0":{"name":"MultiStepper","decl":{"start":{"line":13,"column":52},"end":{"line":25,"column":2}},"loc":{"start":{"line":13,"column":52},"end":{"line":25,"column":2}},"line":13}},"f":{"0":4}}
,"/home/srinivas/Documents/Projects/react-stepper/src/index.ts": {"path":"/home/srinivas/Documents/Projects/react-stepper/src/index.ts","all":false,"statementMap":{"0":{"start":{"line":1,"column":0},"end":{"line":1,"column":21}},"1":{"start":{"line":2,"column":0},"end":{"line":2,"column":46}}},"s":{"0":1,"1":1},"branchMap":{},"b":{},"fnMap":{},"f":{}}
,"/home/srinivas/Documents/Projects/react-stepper/src/components/StepItem.tsx": {"path":"/home/srinivas/Documents/Projects/react-stepper/src/components/StepItem.tsx","all":false,"statementMap":{"0":{"start":{"line":1,"column":0},"end":{"line":1,"column":40}},"1":{"start":{"line":2,"column":0},"end":{"line":2,"column":43}},"9":{"start":{"line":10,"column":0},"end":{"line":10,"column":46}},"10":{"start":{"line":11,"column":0},"end":{"line":11,"column":13}},"11":{"start":{"line":12,"column":0},"end":{"line":12,"column":7}},"12":{"start":{"line":13,"column":0},"end":{"line":13,"column":37}},"13":{"start":{"line":14,"column":0},"end":{"line":14,"column":40}},"15":{"start":{"line":16,"column":0},"end":{"line":16,"column":62}},"16":{"start":{"line":17,"column":0},"end":{"line":17,"column":70}},"19":{"start":{"line":20,"column":0},"end":{"line":20,"column":58}},"21":{"start":{"line":22,"column":0},"end":{"line":22,"column":18}},"22":{"start":{"line":23,"column":0},"end":{"line":23,"column":50}},"26":{"start":{"line":27,"column":0},"end":{"line":27,"column":65}},"28":{"start":{"line":29,"column":0},"end":{"line":29,"column":18}},"29":{"start":{"line":30,"column":0},"end":{"line":30,"column":50}},"33":{"start":{"line":34,"column":0},"end":{"line":34,"column":63}},"34":{"start":{"line":35,"column":0},"end":{"line":35,"column":15}},"37":{"start":{"line":38,"column":0},"end":{"line":38,"column":60}},"39":{"start":{"line":40,"column":0},"end":{"line":40,"column":18}},"40":{"start":{"line":41,"column":0},"end":{"line":41,"column":45}},"44":{"start":{"line":45,"column":0},"end":{"line":45,"column":10}},"45":{"start":{"line":46,"column":0},"end":{"line":46,"column":41}},"46":{"start":{"line":47,"column":0},"end":{"line":47,"column":37}},"49":{"start":{"line":50,"column":0},"end":{"line":50,"column":2}}},"s":{"0":1,"1":1,"9":1,"10":4,"11":4,"12":4,"13":4,"15":4,"16":4,"19":4,"21":4,"22":4,"26":4,"28":4,"29":4,"33":4,"34":4,"37":4,"39":4,"40":4,"44":4,"45":4,"46":4,"49":4},"branchMap":{"0":{"type":"branch","line":10,"loc":{"start":{"line":10,"column":44},"end":{"line":50,"column":2}},"locations":[{"start":{"line":10,"column":44},"end":{"line":50,"column":2}}]}},"b":{"0":[4]},"fnMap":{"0":{"name":"Step","decl":{"start":{"line":10,"column":44},"end":{"line":50,"column":2}},"loc":{"start":{"line":10,"column":44},"end":{"line":50,"column":2}},"line":10}},"f":{"0":4}}
,"/home/srinivas/Documents/Projects/react-stepper/src/components/StepperContent.tsx": {"path":"/home/srinivas/Documents/Projects/react-stepper/src/components/StepperContent.tsx","all":false,"statementMap":{"0":{"start":{"line":1,"column":0},"end":{"line":1,"column":26}},"1":{"start":{"line":2,"column":0},"end":{"line":2,"column":43}},"4":{"start":{"line":5,"column":0},"end":{"line":5,"column":47}},"5":{"start":{"line":6,"column":0},"end":{"line":6,"column":50}},"6":{"start":{"line":7,"column":0},"end":{"line":7,"column":10}},"7":{"start":{"line":8,"column":0},"end":{"line":8,"column":37}},"9":{"start":{"line":10,"column":0},"end":{"line":10,"column":30}},"10":{"start":{"line":11,"column":0},"end":{"line":11,"column":39}},"11":{"start":{"line":12,"column":0},"end":{"line":12,"column":35}},"15":{"start":{"line":16,"column":0},"end":{"line":16,"column":2}}},"s":{"0":1,"1":1,"4":1,"5":5,"6":5,"7":5,"9":5,"10":5,"11":2,"15":5},"branchMap":{"0":{"type":"branch","line":5,"loc":{"start":{"line":5,"column":40},"end":{"line":16,"column":2}},"locations":[{"start":{"line":5,"column":40},"end":{"line":16,"column":2}}]},"1":{"type":"branch","line":10,"loc":{"start":{"line":10,"column":26},"end":{"line":11,"column":35}},"locations":[{"start":{"line":10,"column":26},"end":{"line":11,"column":35}}]},"2":{"type":"branch","line":11,"loc":{"start":{"line":11,"column":35},"end":{"line":12,"column":35}},"locations":[{"start":{"line":11,"column":35},"end":{"line":12,"column":35}}]}},"b":{"0":[5],"1":[2],"2":[2]},"fnMap":{"0":{"name":"StepperContent","decl":{"start":{"line":5,"column":40},"end":{"line":16,"column":2}},"loc":{"start":{"line":5,"column":40},"end":{"line":16,"column":2}},"line":5}},"f":{"0":5}}
,"/home/srinivas/Documents/Projects/react-stepper/src/components/StepperFooter.tsx": {"path":"/home/srinivas/Documents/Projects/react-stepper/src/components/StepperFooter.tsx","all":false,"statementMap":{"0":{"start":{"line":1,"column":0},"end":{"line":1,"column":39}},"1":{"start":{"line":2,"column":0},"end":{"line":2,"column":43}},"7":{"start":{"line":8,"column":0},"end":{"line":8,"column":81}},"8":{"start":{"line":9,"column":0},"end":{"line":9,"column":83}},"9":{"start":{"line":10,"column":0},"end":{"line":10,"column":54}},"11":{"start":{"line":12,"column":0},"end":{"line":12,"column":28}},"13":{"start":{"line":14,"column":0},"end":{"line":14,"column":40}},"14":{"start":{"line":15,"column":0},"end":{"line":15,"column":22}},"15":{"start":{"line":16,"column":0},"end":{"line":16,"column":32}},"16":{"start":{"line":17,"column":0},"end":{"line":17,"column":5}},"18":{"start":{"line":19,"column":0},"end":{"line":19,"column":3}},"20":{"start":{"line":21,"column":0},"end":{"line":21,"column":38}},"21":{"start":{"line":22,"column":0},"end":{"line":22,"column":29}},"22":{"start":{"line":23,"column":0},"end":{"line":23,"column":31}},"23":{"start":{"line":24,"column":0},"end":{"line":24,"column":10}},"25":{"start":{"line":26,"column":0},"end":{"line":26,"column":10}},"26":{"start":{"line":27,"column":0},"end":{"line":27,"column":36}},"27":{"start":{"line":28,"column":0},"end":{"line":28,"column":13}},"28":{"start":{"line":29,"column":0},"end":{"line":29,"column":21}},"29":{"start":{"line":30,"column":0},"end":{"line":30,"column":38}},"30":{"start":{"line":31,"column":0},"end":{"line":31,"column":32}},"31":{"start":{"line":32,"column":0},"end":{"line":32,"column":34}},"32":{"start":{"line":33,"column":0},"end":{"line":33,"column":7}},"36":{"start":{"line":37,"column":0},"end":{"line":37,"column":13}},"37":{"start":{"line":38,"column":0},"end":{"line":38,"column":21}},"38":{"start":{"line":39,"column":0},"end":{"line":39,"column":102}},"39":{"start":{"line":40,"column":0},"end":{"line":40,"column":28}},"41":{"start":{"line":42,"column":0},"end":{"line":42,"column":40}},"45":{"start":{"line":46,"column":0},"end":{"line":46,"column":2}}},"s":{"0":1,"1":1,"7":1,"8":8,"9":8,"11":8,"13":1,"14":1,"15":1,"16":1,"18":1,"20":8,"21":4,"22":4,"23":8,"25":8,"26":8,"27":8,"28":8,"29":8,"30":8,"31":8,"32":8,"36":8,"37":8,"38":8,"39":8,"41":8,"45":8},"branchMap":{"0":{"type":"branch","line":8,"loc":{"start":{"line":8,"column":59},"end":{"line":46,"column":2}},"locations":[{"start":{"line":8,"column":59},"end":{"line":46,"column":2}}]},"1":{"type":"branch","line":39,"loc":{"start":{"line":39,"column":22},"end":{"line":39,"column":78}},"locations":[{"start":{"line":39,"column":22},"end":{"line":39,"column":78}}]},"2":{"type":"branch","line":39,"loc":{"start":{"line":39,"column":78},"end":{"line":39,"column":99}},"locations":[{"start":{"line":39,"column":78},"end":{"line":39,"column":99}}]},"3":{"type":"branch","line":42,"loc":{"start":{"line":42,"column":9},"end":{"line":42,"column":33}},"locations":[{"start":{"line":42,"column":9},"end":{"line":42,"column":33}}]},"4":{"type":"branch","line":42,"loc":{"start":{"line":42,"column":22},"end":{"line":42,"column":40}},"locations":[{"start":{"line":42,"column":22},"end":{"line":42,"column":40}}]},"5":{"type":"branch","line":12,"loc":{"start":{"line":12,"column":21},"end":{"line":19,"column":3}},"locations":[{"start":{"line":12,"column":21},"end":{"line":19,"column":3}}]},"6":{"type":"branch","line":21,"loc":{"start":{"line":21,"column":30},"end":{"line":24,"column":6}},"locations":[{"start":{"line":21,"column":30},"end":{"line":24,"column":6}}]}},"b":{"0":[8],"1":[1],"2":[7],"3":[1],"4":[7],"5":[1],"6":[4]},"fnMap":{"0":{"name":"StepperFooter","decl":{"start":{"line":8,"column":59},"end":{"line":46,"column":2}},"loc":{"start":{"line":8,"column":59},"end":{"line":46,"column":2}},"line":8},"1":{"name":"handleNext","decl":{"start":{"line":12,"column":21},"end":{"line":19,"column":3}},"loc":{"start":{"line":12,"column":21},"end":{"line":19,"column":3}},"line":12}},"f":{"0":8,"1":1}}
,"/home/srinivas/Documents/Projects/react-stepper/src/components/StepperHeader.tsx": {"path":"/home/srinivas/Documents/Projects/react-stepper/src/components/StepperHeader.tsx","all":false,"statementMap":{"0":{"start":{"line":1,"column":0},"end":{"line":1,"column":40}},"1":{"start":{"line":2,"column":0},"end":{"line":2,"column":43}},"2":{"start":{"line":3,"column":0},"end":{"line":3,"column":34}},"5":{"start":{"line":6,"column":0},"end":{"line":6,"column":46}},"6":{"start":{"line":7,"column":0},"end":{"line":7,"column":37}},"8":{"start":{"line":9,"column":0},"end":{"line":9,"column":40}},"9":{"start":{"line":10,"column":0},"end":{"line":10,"column":10}},"10":{"start":{"line":11,"column":0},"end":{"line":11,"column":35}},"11":{"start":{"line":12,"column":0},"end":{"line":12,"column":37}},"13":{"start":{"line":14,"column":0},"end":{"line":14,"column":34}},"14":{"start":{"line":15,"column":0},"end":{"line":15,"column":16}},"15":{"start":{"line":16,"column":0},"end":{"line":16,"column":21}},"16":{"start":{"line":17,"column":0},"end":{"line":17,"column":93}},"17":{"start":{"line":18,"column":0},"end":{"line":18,"column":20}},"20":{"start":{"line":21,"column":0},"end":{"line":21,"column":48}},"22":{"start":{"line":23,"column":0},"end":{"line":23,"column":41}},"23":{"start":{"line":24,"column":0},"end":{"line":24,"column":76}},"24":{"start":{"line":25,"column":0},"end":{"line":25,"column":94}},"34":{"start":{"line":35,"column":0},"end":{"line":35,"column":2}}},"s":{"0":1,"1":1,"2":1,"5":1,"6":5,"8":5,"9":3,"10":3,"11":3,"13":3,"14":3,"15":3,"16":3,"17":3,"20":3,"22":3,"23":3,"24":3,"34":3},"branchMap":{"0":{"type":"branch","line":6,"loc":{"start":{"line":6,"column":39},"end":{"line":35,"column":2}},"locations":[{"start":{"line":6,"column":39},"end":{"line":35,"column":2}}]},"1":{"type":"branch","line":9,"loc":{"start":{"line":9,"column":21},"end":{"line":35,"column":2}},"locations":[{"start":{"line":9,"column":21},"end":{"line":35,"column":2}}]},"2":{"type":"branch","line":17,"loc":{"start":{"line":17,"column":49},"end":{"line":17,"column":62}},"locations":[{"start":{"line":17,"column":49},"end":{"line":17,"column":62}}]},"3":{"type":"branch","line":17,"loc":{"start":{"line":17,"column":79},"end":{"line":17,"column":93}},"locations":[{"start":{"line":17,"column":79},"end":{"line":17,"column":93}}]}},"b":{"0":[5],"1":[3],"2":[2],"3":[0]},"fnMap":{"0":{"name":"StepperHeader","decl":{"start":{"line":6,"column":39},"end":{"line":35,"column":2}},"loc":{"start":{"line":6,"column":39},"end":{"line":35,"column":2}},"line":6}},"f":{"0":5}}
,"/home/srinivas/Documents/Projects/react-stepper/src/contexts/index.tsx": {"path":"/home/srinivas/Documents/Projects/react-stepper/src/contexts/index.tsx","all":false,"statementMap":{"0":{"start":{"line":1,"column":0},"end":{"line":1,"column":66}},"2":{"start":{"line":3,"column":0},"end":{"line":3,"column":47}},"4":{"start":{"line":5,"column":0},"end":{"line":5,"column":101}},"6":{"start":{"line":7,"column":0},"end":{"line":7,"column":53}},"7":{"start":{"line":8,"column":0},"end":{"line":8,"column":54}},"9":{"start":{"line":10,"column":0},"end":{"line":10,"column":21}},"10":{"start":{"line":11,"column":0},"end":{"line":11,"column":28}},"11":{"start":{"line":12,"column":0},"end":{"line":12,"column":38}},"12":{"start":{"line":13,"column":0},"end":{"line":13,"column":33}},"13":{"start":{"line":14,"column":0},"end":{"line":14,"column":26}},"14":{"start":{"line":15,"column":0},"end":{"line":15,"column":9}},"15":{"start":{"line":16,"column":0},"end":{"line":16,"column":25}},"17":{"start":{"line":18,"column":0},"end":{"line":18,"column":58}},"18":{"start":{"line":19,"column":0},"end":{"line":19,"column":28}},"19":{"start":{"line":20,"column":0},"end":{"line":20,"column":37}},"21":{"start":{"line":22,"column":0},"end":{"line":22,"column":75}},"22":{"start":{"line":23,"column":0},"end":{"line":23,"column":54}},"24":{"start":{"line":25,"column":0},"end":{"line":25,"column":38}},"25":{"start":{"line":26,"column":0},"end":{"line":26,"column":37}},"26":{"start":{"line":27,"column":0},"end":{"line":27,"column":81}},"28":{"start":{"line":29,"column":0},"end":{"line":29,"column":32}},"29":{"start":{"line":30,"column":0},"end":{"line":30,"column":33}},"30":{"start":{"line":31,"column":0},"end":{"line":31,"column":72}},"32":{"start":{"line":33,"column":0},"end":{"line":33,"column":43}},"33":{"start":{"line":34,"column":0},"end":{"line":34,"column":47}},"34":{"start":{"line":35,"column":0},"end":{"line":35,"column":63}},"35":{"start":{"line":36,"column":0},"end":{"line":36,"column":13}},"37":{"start":{"line":38,"column":0},"end":{"line":38,"column":47}},"38":{"start":{"line":39,"column":0},"end":{"line":39,"column":60}},"39":{"start":{"line":40,"column":0},"end":{"line":40,"column":64}},"40":{"start":{"line":41,"column":0},"end":{"line":41,"column":13}},"42":{"start":{"line":43,"column":0},"end":{"line":43,"column":26}},"43":{"start":{"line":44,"column":0},"end":{"line":44,"column":10}},"44":{"start":{"line":45,"column":0},"end":{"line":45,"column":31}},"45":{"start":{"line":46,"column":0},"end":{"line":46,"column":21}},"47":{"start":{"line":48,"column":0},"end":{"line":48,"column":46}},"48":{"start":{"line":49,"column":0},"end":{"line":49,"column":71}},"49":{"start":{"line":50,"column":0},"end":{"line":50,"column":33}},"50":{"start":{"line":51,"column":0},"end":{"line":51,"column":37}},"51":{"start":{"line":52,"column":0},"end":{"line":52,"column":79}},"52":{"start":{"line":53,"column":0},"end":{"line":53,"column":26}},"53":{"start":{"line":54,"column":0},"end":{"line":54,"column":10}},"54":{"start":{"line":55,"column":0},"end":{"line":55,"column":48}},"58":{"start":{"line":59,"column":0},"end":{"line":59,"column":46}},"59":{"start":{"line":60,"column":0},"end":{"line":60,"column":54}},"60":{"start":{"line":61,"column":0},"end":{"line":61,"column":34}},"62":{"start":{"line":63,"column":0},"end":{"line":63,"column":42}},"63":{"start":{"line":64,"column":0},"end":{"line":64,"column":33}},"64":{"start":{"line":65,"column":0},"end":{"line":65,"column":16}},"65":{"start":{"line":66,"column":0},"end":{"line":66,"column":24}},"66":{"start":{"line":67,"column":0},"end":{"line":67,"column":18}},"67":{"start":{"line":68,"column":0},"end":{"line":68,"column":27}},"68":{"start":{"line":69,"column":0},"end":{"line":69,"column":27}},"69":{"start":{"line":70,"column":0},"end":{"line":70,"column":24}},"70":{"start":{"line":71,"column":0},"end":{"line":71,"column":11}},"71":{"start":{"line":72,"column":0},"end":{"line":72,"column":73}},"74":{"start":{"line":75,"column":0},"end":{"line":75,"column":62}},"75":{"start":{"line":76,"column":0},"end":{"line":76,"column":18}},"77":{"start":{"line":78,"column":0},"end":{"line":78,"column":1}}},"s":{"0":1,"2":1,"4":1,"6":13,"7":13,"9":13,"10":5,"11":4,"12":4,"13":4,"14":4,"15":13,"17":13,"18":3,"19":3,"21":3,"22":3,"24":3,"25":3,"26":3,"28":3,"29":3,"30":3,"32":3,"33":3,"34":2,"35":2,"37":3,"38":3,"39":4,"40":4,"42":3,"43":3,"44":3,"45":13,"47":13,"48":3,"49":1,"50":1,"51":1,"52":1,"53":1,"54":13,"58":13,"59":1,"60":13,"62":13,"63":13,"64":13,"65":13,"66":13,"67":13,"68":13,"69":13,"70":13,"71":13,"74":13,"75":13,"77":13},"branchMap":{"0":{"type":"branch","line":5,"loc":{"start":{"line":5,"column":72},"end":{"line":78,"column":1}},"locations":[{"start":{"line":5,"column":72},"end":{"line":78,"column":1}}]},"1":{"type":"branch","line":10,"loc":{"start":{"line":10,"column":14},"end":{"line":16,"column":7}},"locations":[{"start":{"line":10,"column":14},"end":{"line":16,"column":7}}]},"2":{"type":"branch","line":11,"loc":{"start":{"line":11,"column":27},"end":{"line":15,"column":9}},"locations":[{"start":{"line":11,"column":27},"end":{"line":15,"column":9}}]},"3":{"type":"branch","line":18,"loc":{"start":{"line":18,"column":36},"end":{"line":46,"column":7}},"locations":[{"start":{"line":18,"column":36},"end":{"line":46,"column":7}}]},"4":{"type":"branch","line":19,"loc":{"start":{"line":19,"column":17},"end":{"line":44,"column":10}},"locations":[{"start":{"line":19,"column":17},"end":{"line":44,"column":10}}]},"5":{"type":"branch","line":23,"loc":{"start":{"line":23,"column":43},"end":{"line":23,"column":54}},"locations":[{"start":{"line":23,"column":43},"end":{"line":23,"column":54}}]},"6":{"type":"branch","line":34,"loc":{"start":{"line":34,"column":46},"end":{"line":36,"column":13}},"locations":[{"start":{"line":34,"column":46},"end":{"line":36,"column":13}}]},"7":{"type":"branch","line":39,"loc":{"start":{"line":39,"column":59},"end":{"line":41,"column":13}},"locations":[{"start":{"line":39,"column":59},"end":{"line":41,"column":13}}]},"8":{"type":"branch","line":48,"loc":{"start":{"line":48,"column":39},"end":{"line":55,"column":7}},"locations":[{"start":{"line":48,"column":39},"end":{"line":55,"column":7}}]},"9":{"type":"branch","line":49,"loc":{"start":{"line":49,"column":43},"end":{"line":54,"column":10}},"locations":[{"start":{"line":49,"column":43},"end":{"line":54,"column":10}}]},"10":{"type":"branch","line":49,"loc":{"start":{"line":49,"column":69},"end":{"line":54,"column":10}},"locations":[{"start":{"line":49,"column":69},"end":{"line":54,"column":10}}]},"11":{"type":"branch","line":50,"loc":{"start":{"line":50,"column":22},"end":{"line":54,"column":10}},"locations":[{"start":{"line":50,"column":22},"end":{"line":54,"column":10}}]},"12":{"type":"branch","line":59,"loc":{"start":{"line":59,"column":39},"end":{"line":61,"column":7}},"locations":[{"start":{"line":59,"column":39},"end":{"line":61,"column":7}}]},"13":{"type":"branch","line":65,"loc":{"start":{"line":65,"column":8},"end":{"line":71,"column":11}},"locations":[{"start":{"line":65,"column":8},"end":{"line":71,"column":11}}]}},"b":{"0":[13],"1":[5],"2":[4],"3":[3],"4":[3],"5":[0],"6":[2],"7":[4],"8":[3],"9":[2],"10":[1],"11":[1],"12":[1],"13":[13]},"fnMap":{"0":{"name":"MultiStepperProvider","decl":{"start":{"line":5,"column":72},"end":{"line":78,"column":1}},"loc":{"start":{"line":5,"column":72},"end":{"line":78,"column":1}},"line":5}},"f":{"0":13}}
,"/home/srinivas/Documents/Projects/react-stepper/src/hooks/index.ts": {"path":"/home/srinivas/Documents/Projects/react-stepper/src/hooks/index.ts","all":false,"statementMap":{"0":{"start":{"line":1,"column":0},"end":{"line":1,"column":50}},"3":{"start":{"line":4,"column":0},"end":{"line":4,"column":24}},"4":{"start":{"line":5,"column":0},"end":{"line":5,"column":79}},"5":{"start":{"line":6,"column":0},"end":{"line":6,"column":11}},"8":{"start":{"line":9,"column":0},"end":{"line":9,"column":24}},"9":{"start":{"line":10,"column":0},"end":{"line":10,"column":38}},"10":{"start":{"line":11,"column":0},"end":{"line":11,"column":50}},"11":{"start":{"line":12,"column":0},"end":{"line":12,"column":15}},"12":{"start":{"line":13,"column":0},"end":{"line":13,"column":20}},"13":{"start":{"line":14,"column":0},"end":{"line":14,"column":70}},"15":{"start":{"line":16,"column":0},"end":{"line":16,"column":17}},"16":{"start":{"line":17,"column":0},"end":{"line":17,"column":2}}},"s":{"0":1,"3":1,"4":1,"5":1,"8":1,"9":1,"10":30,"11":30,"12":30,"13":2,"15":27,"16":27},"branchMap":{"0":{"type":"branch","line":10,"loc":{"start":{"line":10,"column":31},"end":{"line":17,"column":2}},"locations":[{"start":{"line":10,"column":31},"end":{"line":17,"column":2}}]},"1":{"type":"branch","line":13,"loc":{"start":{"line":13,"column":4},"end":{"line":14,"column":70}},"locations":[{"start":{"line":13,"column":4},"end":{"line":14,"column":70}}]},"2":{"type":"branch","line":14,"loc":{"start":{"line":14,"column":6},"end":{"line":17,"column":2}},"locations":[{"start":{"line":14,"column":6},"end":{"line":17,"column":2}}]}},"b":{"0":[30],"1":[2],"2":[27]},"fnMap":{"0":{"name":"useMultiStepper","decl":{"start":{"line":10,"column":31},"end":{"line":17,"column":2}},"loc":{"start":{"line":10,"column":31},"end":{"line":17,"column":2}},"line":10}},"f":{"0":30}}
,"/home/srinivas/Documents/Projects/react-stepper/src/types/index.tsx": {"path":"/home/srinivas/Documents/Projects/react-stepper/src/types/index.tsx","all":true,"statementMap":{},"s":{},"branchMap":{"0":{"type":"branch","line":1,"loc":{"start":{"line":1,"column":787},"end":{"line":34,"column":84}},"locations":[{"start":{"line":1,"column":787},"end":{"line":34,"column":84}}]}},"b":{"0":[1]},"fnMap":{"0":{"name":"(empty-report)","decl":{"start":{"line":1,"column":787},"end":{"line":34,"column":84}},"loc":{"start":{"line":1,"column":787},"end":{"line":34,"column":84}},"line":1}},"f":{"0":1}}
}
